2017-05-03 6:17:07 - PHP Notice:  Error: Could not load template G:/www/opencart/version_23/admin/view/template/extension/payment/securepay.tpl! in G:\www\opencart\version_23\system\library\template\php.php on line 23
2017-05-03 6:18:07 - PHP Notice:  Error: Could not load template G:/www/opencart/version_23/admin/view/template/extension/payment/securepay.tpl! in G:\www\opencart\version_23\system\library\template\php.php on line 23
2017-05-03 6:18:11 - PHP Notice:  Error: Could not load template G:/www/opencart/version_23/admin/view/template/extension/payment/securepay.tpl! in G:\www\opencart\version_23\system\library\template\php.php on line 23
2017-05-03 6:18:22 - PHP Notice:  Error: Could not load template G:/www/opencart/version_23/admin/view/template/extension/payment/securepay.tpl! in G:\www\opencart\version_23\system\library\template\php.php on line 23
2017-05-03 6:18:33 - PHP Notice:  Error: Could not load template G:/www/opencart/version_23/admin/view/template/extension/payment/securepay.tpl! in G:\www\opencart\version_23\system\library\template\php.php on line 23
2017-05-03 12:31:39 - PHP Warning:  Invalid argument supplied for foreach() in G:\www\opencart\version_23\system\engine\loader.php on line 53
2017-05-03 12:33:18 - PHP Notice:  Undefined variable: securepay_merchant_id in G:\www\opencart\version_23\admin\view\template\extension\payment\commweb.tpl on line 37
2017-05-03 12:33:18 - PHP Notice:  Undefined variable: securepay_merchant_id in G:\www\opencart\version_23\admin\view\template\extension\payment\commweb.tpl on line 37
2017-05-03 12:33:18 - PHP Notice:  Undefined variable: securepay_transaction_password in G:\www\opencart\version_23\admin\view\template\extension\payment\commweb.tpl on line 46
2017-05-03 12:33:18 - PHP Notice:  Undefined variable: securepay_transaction_password in G:\www\opencart\version_23\admin\view\template\extension\payment\commweb.tpl on line 46
2017-05-03 12:33:18 - PHP Notice:  Undefined variable: securepay_enviroment in G:\www\opencart\version_23\admin\view\template\extension\payment\commweb.tpl on line 59
2017-05-03 12:33:18 - PHP Notice:  Undefined variable: securepay_order_status_id in G:\www\opencart\version_23\admin\view\template\extension\payment\commweb.tpl on line 75
2017-05-03 12:33:18 - PHP Notice:  Undefined variable: securepay_order_status_id in G:\www\opencart\version_23\admin\view\template\extension\payment\commweb.tpl on line 75
2017-05-03 12:33:18 - PHP Notice:  Undefined variable: securepay_order_status_id in G:\www\opencart\version_23\admin\view\template\extension\payment\commweb.tpl on line 75
2017-05-03 12:33:18 - PHP Notice:  Undefined variable: securepay_order_status_id in G:\www\opencart\version_23\admin\view\template\extension\payment\commweb.tpl on line 75
2017-05-03 12:33:18 - PHP Notice:  Undefined variable: securepay_order_status_id in G:\www\opencart\version_23\admin\view\template\extension\payment\commweb.tpl on line 75
2017-05-03 12:33:18 - PHP Notice:  Undefined variable: securepay_order_status_id in G:\www\opencart\version_23\admin\view\template\extension\payment\commweb.tpl on line 75
2017-05-03 12:33:18 - PHP Notice:  Undefined variable: securepay_order_status_id in G:\www\opencart\version_23\admin\view\template\extension\payment\commweb.tpl on line 75
2017-05-03 12:33:18 - PHP Notice:  Undefined variable: securepay_order_status_id in G:\www\opencart\version_23\admin\view\template\extension\payment\commweb.tpl on line 75
2017-05-03 12:33:18 - PHP Notice:  Undefined variable: securepay_order_status_id in G:\www\opencart\version_23\admin\view\template\extension\payment\commweb.tpl on line 75
2017-05-03 12:33:18 - PHP Notice:  Undefined variable: securepay_order_status_id in G:\www\opencart\version_23\admin\view\template\extension\payment\commweb.tpl on line 75
2017-05-03 12:33:18 - PHP Notice:  Undefined variable: securepay_order_status_id in G:\www\opencart\version_23\admin\view\template\extension\payment\commweb.tpl on line 75
2017-05-03 12:33:18 - PHP Notice:  Undefined variable: securepay_order_status_id in G:\www\opencart\version_23\admin\view\template\extension\payment\commweb.tpl on line 75
2017-05-03 12:33:18 - PHP Notice:  Undefined variable: securepay_order_status_id in G:\www\opencart\version_23\admin\view\template\extension\payment\commweb.tpl on line 75
2017-05-03 12:33:18 - PHP Notice:  Undefined variable: securepay_order_status_id in G:\www\opencart\version_23\admin\view\template\extension\payment\commweb.tpl on line 75
2017-05-03 12:33:18 - PHP Notice:  Undefined variable: securepay_refund_status_id in G:\www\opencart\version_23\admin\view\template\extension\payment\commweb.tpl on line 89
2017-05-03 12:33:18 - PHP Notice:  Undefined variable: securepay_refund_status_id in G:\www\opencart\version_23\admin\view\template\extension\payment\commweb.tpl on line 89
2017-05-03 12:33:18 - PHP Notice:  Undefined variable: securepay_refund_status_id in G:\www\opencart\version_23\admin\view\template\extension\payment\commweb.tpl on line 89
2017-05-03 12:33:18 - PHP Notice:  Undefined variable: securepay_refund_status_id in G:\www\opencart\version_23\admin\view\template\extension\payment\commweb.tpl on line 89
2017-05-03 12:33:18 - PHP Notice:  Undefined variable: securepay_refund_status_id in G:\www\opencart\version_23\admin\view\template\extension\payment\commweb.tpl on line 89
2017-05-03 12:33:18 - PHP Notice:  Undefined variable: securepay_refund_status_id in G:\www\opencart\version_23\admin\view\template\extension\payment\commweb.tpl on line 89
2017-05-03 12:33:18 - PHP Notice:  Undefined variable: securepay_refund_status_id in G:\www\opencart\version_23\admin\view\template\extension\payment\commweb.tpl on line 89
2017-05-03 12:33:18 - PHP Notice:  Undefined variable: securepay_refund_status_id in G:\www\opencart\version_23\admin\view\template\extension\payment\commweb.tpl on line 89
2017-05-03 12:33:18 - PHP Notice:  Undefined variable: securepay_refund_status_id in G:\www\opencart\version_23\admin\view\template\extension\payment\commweb.tpl on line 89
2017-05-03 12:33:18 - PHP Notice:  Undefined variable: securepay_refund_status_id in G:\www\opencart\version_23\admin\view\template\extension\payment\commweb.tpl on line 89
2017-05-03 12:33:18 - PHP Notice:  Undefined variable: securepay_refund_status_id in G:\www\opencart\version_23\admin\view\template\extension\payment\commweb.tpl on line 89
2017-05-03 12:33:18 - PHP Notice:  Undefined variable: securepay_refund_status_id in G:\www\opencart\version_23\admin\view\template\extension\payment\commweb.tpl on line 89
2017-05-03 12:33:18 - PHP Notice:  Undefined variable: securepay_refund_status_id in G:\www\opencart\version_23\admin\view\template\extension\payment\commweb.tpl on line 89
2017-05-03 12:33:18 - PHP Notice:  Undefined variable: securepay_refund_status_id in G:\www\opencart\version_23\admin\view\template\extension\payment\commweb.tpl on line 89
2017-05-03 12:33:18 - PHP Notice:  Undefined variable: securepay_geo_zone_id in G:\www\opencart\version_23\admin\view\template\extension\payment\commweb.tpl on line 104
2017-05-03 12:33:18 - PHP Notice:  Undefined variable: securepay_geo_zone_id in G:\www\opencart\version_23\admin\view\template\extension\payment\commweb.tpl on line 104
2017-05-03 12:33:18 - PHP Notice:  Undefined variable: securepay_status in G:\www\opencart\version_23\admin\view\template\extension\payment\commweb.tpl on line 117
2017-05-03 12:33:18 - PHP Notice:  Undefined variable: securepay_sort_order in G:\www\opencart\version_23\admin\view\template\extension\payment\commweb.tpl on line 130
2017-05-03 12:33:18 - PHP Notice:  Undefined variable: securepay_sort_order in G:\www\opencart\version_23\admin\view\template\extension\payment\commweb.tpl on line 130
2017-05-03 12:33:18 - PHP Notice:  Undefined variable: securepay_currency in G:\www\opencart\version_23\admin\view\template\extension\payment\commweb.tpl on line 141
2017-05-03 12:33:18 - PHP Notice:  Undefined variable: securepay_currency in G:\www\opencart\version_23\admin\view\template\extension\payment\commweb.tpl on line 141
2017-05-03 12:33:18 - PHP Notice:  Undefined variable: securepay_currency in G:\www\opencart\version_23\admin\view\template\extension\payment\commweb.tpl on line 141
2017-05-03 12:33:18 - PHP Notice:  Undefined variable: securepay_currency in G:\www\opencart\version_23\admin\view\template\extension\payment\commweb.tpl on line 141
2017-05-03 12:33:18 - PHP Notice:  Undefined variable: securepay_currency in G:\www\opencart\version_23\admin\view\template\extension\payment\commweb.tpl on line 141
2017-05-03 12:33:18 - PHP Notice:  Undefined variable: securepay_currency in G:\www\opencart\version_23\admin\view\template\extension\payment\commweb.tpl on line 141
2017-05-03 12:33:18 - PHP Notice:  Undefined variable: securepay_currency in G:\www\opencart\version_23\admin\view\template\extension\payment\commweb.tpl on line 141
2017-05-03 12:33:18 - PHP Notice:  Undefined variable: securepay_currency in G:\www\opencart\version_23\admin\view\template\extension\payment\commweb.tpl on line 141
2017-05-03 12:33:18 - PHP Notice:  Undefined variable: securepay_currency in G:\www\opencart\version_23\admin\view\template\extension\payment\commweb.tpl on line 141
2017-05-03 12:33:18 - PHP Notice:  Undefined variable: securepay_currency in G:\www\opencart\version_23\admin\view\template\extension\payment\commweb.tpl on line 141
2017-05-03 12:33:18 - PHP Notice:  Undefined variable: securepay_currency in G:\www\opencart\version_23\admin\view\template\extension\payment\commweb.tpl on line 141
2017-05-03 12:33:18 - PHP Notice:  Undefined variable: securepay_currency in G:\www\opencart\version_23\admin\view\template\extension\payment\commweb.tpl on line 141
2017-05-03 12:33:18 - PHP Notice:  Undefined variable: securepay_currency in G:\www\opencart\version_23\admin\view\template\extension\payment\commweb.tpl on line 141
2017-05-03 12:33:18 - PHP Notice:  Undefined variable: securepay_currency in G:\www\opencart\version_23\admin\view\template\extension\payment\commweb.tpl on line 141
2017-05-03 12:33:18 - PHP Notice:  Undefined variable: securepay_currency in G:\www\opencart\version_23\admin\view\template\extension\payment\commweb.tpl on line 141
2017-05-03 12:33:18 - PHP Notice:  Undefined variable: securepay_currency in G:\www\opencart\version_23\admin\view\template\extension\payment\commweb.tpl on line 141
2017-05-03 12:33:18 - PHP Notice:  Undefined variable: securepay_currency in G:\www\opencart\version_23\admin\view\template\extension\payment\commweb.tpl on line 141
2017-05-03 12:33:18 - PHP Notice:  Undefined variable: securepay_currency in G:\www\opencart\version_23\admin\view\template\extension\payment\commweb.tpl on line 141
2017-05-03 12:33:18 - PHP Notice:  Undefined variable: securepay_currency in G:\www\opencart\version_23\admin\view\template\extension\payment\commweb.tpl on line 141
2017-05-03 12:33:18 - PHP Notice:  Undefined variable: securepay_currency in G:\www\opencart\version_23\admin\view\template\extension\payment\commweb.tpl on line 141
2017-05-03 12:33:18 - PHP Notice:  Undefined variable: securepay_currency in G:\www\opencart\version_23\admin\view\template\extension\payment\commweb.tpl on line 141
2017-05-03 12:33:18 - PHP Notice:  Undefined variable: securepay_currency in G:\www\opencart\version_23\admin\view\template\extension\payment\commweb.tpl on line 141
2017-05-03 12:33:18 - PHP Notice:  Undefined variable: securepay_currency in G:\www\opencart\version_23\admin\view\template\extension\payment\commweb.tpl on line 141
2017-05-03 12:33:18 - PHP Notice:  Undefined variable: securepay_currency in G:\www\opencart\version_23\admin\view\template\extension\payment\commweb.tpl on line 141
2017-05-03 12:33:18 - PHP Notice:  Undefined variable: securepay_display_cardholder_name in G:\www\opencart\version_23\admin\view\template\extension\payment\commweb.tpl on line 154
2017-05-03 12:33:18 - PHP Notice:  Undefined variable: entry_display_securepay_receipt in G:\www\opencart\version_23\admin\view\template\extension\payment\commweb.tpl on line 159
2017-05-03 12:33:18 - PHP Notice:  Undefined variable: securepay_display_securepay_receipt in G:\www\opencart\version_23\admin\view\template\extension\payment\commweb.tpl on line 161
2017-05-03 12:33:18 - PHP Notice:  Undefined variable: securepay_template_type in G:\www\opencart\version_23\admin\view\template\extension\payment\commweb.tpl on line 169
2017-05-03 12:33:18 - PHP Notice:  Undefined variable: securepay_template_type in G:\www\opencart\version_23\admin\view\template\extension\payment\commweb.tpl on line 170
2017-05-03 12:33:18 - PHP Notice:  Undefined variable: securepay_iframe_width in G:\www\opencart\version_23\admin\view\template\extension\payment\commweb.tpl on line 177
2017-05-03 12:33:18 - PHP Notice:  Undefined variable: securepay_iframe_width in G:\www\opencart\version_23\admin\view\template\extension\payment\commweb.tpl on line 177
2017-05-03 12:33:18 - PHP Notice:  Undefined variable: securepay_iframe_height in G:\www\opencart\version_23\admin\view\template\extension\payment\commweb.tpl on line 183
2017-05-03 12:33:18 - PHP Notice:  Undefined variable: securepay_iframe_height in G:\www\opencart\version_23\admin\view\template\extension\payment\commweb.tpl on line 183
2017-05-03 12:33:18 - PHP Notice:  Undefined variable: securepay_template_type in G:\www\opencart\version_23\admin\view\template\extension\payment\commweb.tpl on line 190
2017-05-03 12:33:18 - PHP Notice:  Undefined variable: securepay_template_type in G:\www\opencart\version_23\admin\view\template\extension\payment\commweb.tpl on line 191
2017-05-03 12:33:18 - PHP Notice:  Undefined variable: securepay_template_type in G:\www\opencart\version_23\admin\view\template\extension\payment\commweb.tpl on line 192
2017-05-03 12:33:18 - PHP Notice:  Undefined variable: securepay_template_type in G:\www\opencart\version_23\admin\view\template\extension\payment\commweb.tpl on line 193
2017-05-03 12:33:18 - PHP Notice:  Undefined variable: securepay_template_type in G:\www\opencart\version_23\admin\view\template\extension\payment\commweb.tpl on line 194
2017-05-03 12:33:18 - PHP Notice:  Undefined variable: securepay_template_type in G:\www\opencart\version_23\admin\view\template\extension\payment\commweb.tpl on line 195
2017-05-03 12:33:18 - PHP Notice:  Undefined variable: securepay_template_type in G:\www\opencart\version_23\admin\view\template\extension\payment\commweb.tpl on line 196
2017-05-03 12:33:18 - PHP Notice:  Undefined variable: securepay_template_type in G:\www\opencart\version_23\admin\view\template\extension\payment\commweb.tpl on line 197
2017-05-03 12:33:18 - PHP Notice:  Undefined variable: securepay_surcharge in G:\www\opencart\version_23\admin\view\template\extension\payment\commweb.tpl on line 204
2017-05-03 12:33:18 - PHP Notice:  Undefined variable: securepay_surcharge_visa in G:\www\opencart\version_23\admin\view\template\extension\payment\commweb.tpl on line 218
2017-05-03 12:33:18 - PHP Notice:  Undefined variable: securepay_surcharge_visa in G:\www\opencart\version_23\admin\view\template\extension\payment\commweb.tpl on line 219
2017-05-03 12:33:18 - PHP Notice:  Undefined variable: securepay_surcharge_visa in G:\www\opencart\version_23\admin\view\template\extension\payment\commweb.tpl on line 220
2017-05-03 12:33:18 - PHP Notice:  Undefined variable: securepay_surcharge_visa_value in G:\www\opencart\version_23\admin\view\template\extension\payment\commweb.tpl on line 223
2017-05-03 12:33:18 - PHP Notice:  Undefined variable: securepay_surcharge_mastercard in G:\www\opencart\version_23\admin\view\template\extension\payment\commweb.tpl on line 229
2017-05-03 12:33:18 - PHP Notice:  Undefined variable: securepay_surcharge_mastercard in G:\www\opencart\version_23\admin\view\template\extension\payment\commweb.tpl on line 230
2017-05-03 12:33:18 - PHP Notice:  Undefined variable: securepay_surcharge_mastercard in G:\www\opencart\version_23\admin\view\template\extension\payment\commweb.tpl on line 231
2017-05-03 12:33:18 - PHP Notice:  Undefined variable: securepay_surcharge_mastercard_value in G:\www\opencart\version_23\admin\view\template\extension\payment\commweb.tpl on line 234
2017-05-03 12:33:18 - PHP Notice:  Undefined variable: securepay_surcharge_amex in G:\www\opencart\version_23\admin\view\template\extension\payment\commweb.tpl on line 240
2017-05-03 12:33:18 - PHP Notice:  Undefined variable: securepay_surcharge_amex in G:\www\opencart\version_23\admin\view\template\extension\payment\commweb.tpl on line 241
2017-05-03 12:33:18 - PHP Notice:  Undefined variable: securepay_surcharge_amex in G:\www\opencart\version_23\admin\view\template\extension\payment\commweb.tpl on line 242
2017-05-03 12:33:18 - PHP Notice:  Undefined variable: securepay_surcharge_amex_value in G:\www\opencart\version_23\admin\view\template\extension\payment\commweb.tpl on line 245
2017-05-04 10:28:24 - PHP Notice:  Undefined variable: data in G:\www\opencart\version_23\catalog\controller\extension\payment\commweb.php on line 215
2017-05-04 10:28:24 - PHP Warning:  Invalid argument supplied for foreach() in G:\www\opencart\version_23\system\engine\loader.php on line 83
2017-05-04 10:28:24 - PHP Notice:  Undefined variable: header in G:\www\opencart\version_23\catalog\view\theme\default\template\extension\payment\formcommweb.tpl on line 1
2017-05-04 10:28:24 - PHP Notice:  Undefined variable: column_left in G:\www\opencart\version_23\catalog\view\theme\default\template\extension\payment\formcommweb.tpl on line 1
2017-05-04 10:28:24 - PHP Notice:  Undefined variable: column_right in G:\www\opencart\version_23\catalog\view\theme\default\template\extension\payment\formcommweb.tpl on line 1
2017-05-04 10:28:24 - PHP Notice:  Undefined variable: content_top in G:\www\opencart\version_23\catalog\view\theme\default\template\extension\payment\formcommweb.tpl on line 2
2017-05-04 10:28:24 - PHP Notice:  Undefined variable: footer in G:\www\opencart\version_23\catalog\view\theme\default\template\extension\payment\formcommweb.tpl on line 6
2017-05-04 10:29:51 - PHP Notice:  Undefined variable: header in G:\www\opencart\version_23\catalog\view\theme\default\template\extension\payment\formcommweb.tpl on line 1
2017-05-04 10:29:51 - PHP Notice:  Undefined variable: column_left in G:\www\opencart\version_23\catalog\view\theme\default\template\extension\payment\formcommweb.tpl on line 1
2017-05-04 10:29:51 - PHP Notice:  Undefined variable: column_right in G:\www\opencart\version_23\catalog\view\theme\default\template\extension\payment\formcommweb.tpl on line 1
2017-05-04 10:29:51 - PHP Notice:  Undefined variable: content_top in G:\www\opencart\version_23\catalog\view\theme\default\template\extension\payment\formcommweb.tpl on line 2
2017-05-04 10:29:51 - PHP Notice:  Undefined variable: footer in G:\www\opencart\version_23\catalog\view\theme\default\template\extension\payment\formcommweb.tpl on line 6
2017-05-04 10:30:31 - PHP Notice:  Undefined variable: header in G:\www\opencart\version_23\catalog\view\theme\default\template\extension\payment\formcommweb.tpl on line 1
2017-05-04 10:30:31 - PHP Notice:  Undefined variable: column_left in G:\www\opencart\version_23\catalog\view\theme\default\template\extension\payment\formcommweb.tpl on line 1
2017-05-04 10:30:31 - PHP Notice:  Undefined variable: column_right in G:\www\opencart\version_23\catalog\view\theme\default\template\extension\payment\formcommweb.tpl on line 1
2017-05-04 10:30:31 - PHP Notice:  Undefined variable: content_top in G:\www\opencart\version_23\catalog\view\theme\default\template\extension\payment\formcommweb.tpl on line 2
2017-05-04 10:30:31 - PHP Notice:  Undefined variable: footer in G:\www\opencart\version_23\catalog\view\theme\default\template\extension\payment\formcommweb.tpl on line 6
2017-05-04 10:31:08 - PHP Notice:  Undefined variable: header in G:\www\opencart\version_23\catalog\view\theme\default\template\extension\payment\formcommweb.tpl on line 1
2017-05-04 10:31:08 - PHP Notice:  Undefined variable: column_left in G:\www\opencart\version_23\catalog\view\theme\default\template\extension\payment\formcommweb.tpl on line 1
2017-05-04 10:31:08 - PHP Notice:  Undefined variable: column_right in G:\www\opencart\version_23\catalog\view\theme\default\template\extension\payment\formcommweb.tpl on line 1
2017-05-04 10:31:08 - PHP Notice:  Undefined variable: content_top in G:\www\opencart\version_23\catalog\view\theme\default\template\extension\payment\formcommweb.tpl on line 2
2017-05-04 10:31:08 - PHP Notice:  Undefined variable: footer in G:\www\opencart\version_23\catalog\view\theme\default\template\extension\payment\formcommweb.tpl on line 6
2017-05-04 10:31:24 - PHP Notice:  Undefined variable: header in G:\www\opencart\version_23\catalog\view\theme\default\template\extension\payment\formcommweb.tpl on line 1
2017-05-04 10:31:24 - PHP Notice:  Undefined variable: column_left in G:\www\opencart\version_23\catalog\view\theme\default\template\extension\payment\formcommweb.tpl on line 1
2017-05-04 10:31:24 - PHP Notice:  Undefined variable: column_right in G:\www\opencart\version_23\catalog\view\theme\default\template\extension\payment\formcommweb.tpl on line 1
2017-05-04 10:31:24 - PHP Notice:  Undefined variable: content_top in G:\www\opencart\version_23\catalog\view\theme\default\template\extension\payment\formcommweb.tpl on line 2
2017-05-04 10:31:24 - PHP Notice:  Undefined variable: footer in G:\www\opencart\version_23\catalog\view\theme\default\template\extension\payment\formcommweb.tpl on line 6
2017-05-04 10:31:24 - PHP Notice:  Undefined variable: header in G:\www\opencart\version_23\catalog\view\theme\default\template\extension\payment\formcommweb.tpl on line 1
2017-05-04 10:31:24 - PHP Notice:  Undefined variable: column_left in G:\www\opencart\version_23\catalog\view\theme\default\template\extension\payment\formcommweb.tpl on line 1
2017-05-04 10:31:24 - PHP Notice:  Undefined variable: column_right in G:\www\opencart\version_23\catalog\view\theme\default\template\extension\payment\formcommweb.tpl on line 1
2017-05-04 10:31:24 - PHP Notice:  Undefined variable: content_top in G:\www\opencart\version_23\catalog\view\theme\default\template\extension\payment\formcommweb.tpl on line 2
2017-05-04 10:31:24 - PHP Notice:  Undefined variable: footer in G:\www\opencart\version_23\catalog\view\theme\default\template\extension\payment\formcommweb.tpl on line 6
2017-05-04 10:33:24 - PHP Notice:  Undefined variable: column_right in G:\www\opencart\version_23\catalog\view\theme\default\template\extension\payment\formcommweb.tpl on line 1
2017-05-04 10:33:24 - PHP Notice:  Undefined variable: content_top in G:\www\opencart\version_23\catalog\view\theme\default\template\extension\payment\formcommweb.tpl on line 2
2017-05-04 10:33:34 - PHP Notice:  Undefined variable: column_right in G:\www\opencart\version_23\catalog\view\theme\default\template\extension\payment\formcommweb.tpl on line 1
2017-05-04 10:33:34 - PHP Notice:  Undefined variable: content_top in G:\www\opencart\version_23\catalog\view\theme\default\template\extension\payment\formcommweb.tpl on line 2
2017-05-04 10:33:34 - PHP Notice:  Undefined variable: column_right in G:\www\opencart\version_23\catalog\view\theme\default\template\extension\payment\formcommweb.tpl on line 1
2017-05-04 10:33:34 - PHP Notice:  Undefined variable: content_top in G:\www\opencart\version_23\catalog\view\theme\default\template\extension\payment\formcommweb.tpl on line 2
2017-05-04 10:49:51 - PHP Notice:  Undefined variable: entry_transaction_password in G:\www\opencart\version_23\admin\view\template\extension\payment\commweb.tpl on line 44
2017-05-04 10:49:51 - PHP Notice:  Undefined variable: commweb_transaction_password in G:\www\opencart\version_23\admin\view\template\extension\payment\commweb.tpl on line 46
2017-05-04 10:49:51 - PHP Notice:  Undefined variable: commweb_transaction_password in G:\www\opencart\version_23\admin\view\template\extension\payment\commweb.tpl on line 46
2017-05-04 10:49:51 - PHP Notice:  Undefined variable: error_transaction_password in G:\www\opencart\version_23\admin\view\template\extension\payment\commweb.tpl on line 47
2017-05-04 10:49:51 - PHP Notice:  Undefined variable: entry_enviroment in G:\www\opencart\version_23\admin\view\template\extension\payment\commweb.tpl on line 56
2017-05-04 10:50:25 - PHP Notice:  Undefined variable: entry_enviroment in G:\www\opencart\version_23\admin\view\template\extension\payment\commweb.tpl on line 56
2017-05-04 10:54:23 - PHP Notice:  Undefined variable: commweb_checkout_method in G:\www\opencart\version_23\admin\view\template\extension\payment\commweb.tpl on line 59
2017-05-04 10:54:23 - PHP Notice:  Undefined variable: commweb_checkout_method in G:\www\opencart\version_23\admin\view\template\extension\payment\commweb.tpl on line 74
2017-05-04 10:54:23 - PHP Notice:  Undefined variable: commweb_checkout_method in G:\www\opencart\version_23\admin\view\template\extension\payment\commweb.tpl on line 89
2017-05-04 10:55:21 - PHP Notice:  Undefined variable: commweb_checkout_method in G:\www\opencart\version_23\admin\view\template\extension\payment\commweb.tpl on line 59
2017-05-04 10:55:21 - PHP Notice:  Undefined variable: commweb_checkout_method in G:\www\opencart\version_23\admin\view\template\extension\payment\commweb.tpl on line 74
2017-05-04 10:55:21 - PHP Notice:  Undefined variable: commweb_checkout_method in G:\www\opencart\version_23\admin\view\template\extension\payment\commweb.tpl on line 89
2017-05-04 10:56:16 - PHP Notice:  Undefined variable: commweb_checkout_method in G:\www\opencart\version_23\admin\view\template\extension\payment\commweb.tpl on line 59
2017-05-04 10:56:16 - PHP Notice:  Undefined variable: commweb_3d_secure in G:\www\opencart\version_23\admin\view\template\extension\payment\commweb.tpl on line 73
2017-05-04 10:56:16 - PHP Notice:  Undefined variable: commweb_3d_secure in G:\www\opencart\version_23\admin\view\template\extension\payment\commweb.tpl on line 73
2017-05-04 10:56:16 - PHP Notice:  Undefined variable: commweb_debug_log in G:\www\opencart\version_23\admin\view\template\extension\payment\commweb.tpl on line 80
2017-05-04 10:56:16 - PHP Notice:  Undefined variable: commweb_debug_log in G:\www\opencart\version_23\admin\view\template\extension\payment\commweb.tpl on line 80
2017-05-04 10:57:30 - PHP Notice:  Undefined variable: commweb_checkout_method in G:\www\opencart\version_23\admin\view\template\extension\payment\commweb.tpl on line 59
2017-05-04 10:58:38 - PHP Notice:  Undefined variable: commweb_checkout_method in G:\www\opencart\version_23\admin\view\template\extension\payment\commweb.tpl on line 59
2017-05-04 10:58:38 - PHP Notice:  Undefined variable: commweb_order_status_id in G:\www\opencart\version_23\admin\view\template\extension\payment\commweb.tpl on line 89
2017-05-04 10:58:38 - PHP Notice:  Undefined variable: commweb_order_status_id in G:\www\opencart\version_23\admin\view\template\extension\payment\commweb.tpl on line 89
2017-05-04 10:58:38 - PHP Notice:  Undefined variable: commweb_order_status_id in G:\www\opencart\version_23\admin\view\template\extension\payment\commweb.tpl on line 89
2017-05-04 10:58:38 - PHP Notice:  Undefined variable: commweb_order_status_id in G:\www\opencart\version_23\admin\view\template\extension\payment\commweb.tpl on line 89
2017-05-04 10:58:38 - PHP Notice:  Undefined variable: commweb_order_status_id in G:\www\opencart\version_23\admin\view\template\extension\payment\commweb.tpl on line 89
2017-05-04 10:58:38 - PHP Notice:  Undefined variable: commweb_order_status_id in G:\www\opencart\version_23\admin\view\template\extension\payment\commweb.tpl on line 89
2017-05-04 10:58:38 - PHP Notice:  Undefined variable: commweb_order_status_id in G:\www\opencart\version_23\admin\view\template\extension\payment\commweb.tpl on line 89
2017-05-04 10:58:38 - PHP Notice:  Undefined variable: commweb_order_status_id in G:\www\opencart\version_23\admin\view\template\extension\payment\commweb.tpl on line 89
2017-05-04 10:58:38 - PHP Notice:  Undefined variable: commweb_order_status_id in G:\www\opencart\version_23\admin\view\template\extension\payment\commweb.tpl on line 89
2017-05-04 10:58:38 - PHP Notice:  Undefined variable: commweb_order_status_id in G:\www\opencart\version_23\admin\view\template\extension\payment\commweb.tpl on line 89
2017-05-04 10:58:38 - PHP Notice:  Undefined variable: commweb_order_status_id in G:\www\opencart\version_23\admin\view\template\extension\payment\commweb.tpl on line 89
2017-05-04 10:58:38 - PHP Notice:  Undefined variable: commweb_order_status_id in G:\www\opencart\version_23\admin\view\template\extension\payment\commweb.tpl on line 89
2017-05-04 10:58:38 - PHP Notice:  Undefined variable: commweb_order_status_id in G:\www\opencart\version_23\admin\view\template\extension\payment\commweb.tpl on line 89
2017-05-04 10:58:38 - PHP Notice:  Undefined variable: commweb_order_status_id in G:\www\opencart\version_23\admin\view\template\extension\payment\commweb.tpl on line 89
2017-05-04 10:58:38 - PHP Notice:  Undefined variable: commweb_refund_status_id in G:\www\opencart\version_23\admin\view\template\extension\payment\commweb.tpl on line 104
2017-05-04 10:58:38 - PHP Notice:  Undefined variable: commweb_refund_status_id in G:\www\opencart\version_23\admin\view\template\extension\payment\commweb.tpl on line 104
2017-05-04 10:58:38 - PHP Notice:  Undefined variable: commweb_refund_status_id in G:\www\opencart\version_23\admin\view\template\extension\payment\commweb.tpl on line 104
2017-05-04 10:58:38 - PHP Notice:  Undefined variable: commweb_refund_status_id in G:\www\opencart\version_23\admin\view\template\extension\payment\commweb.tpl on line 104
2017-05-04 10:58:38 - PHP Notice:  Undefined variable: commweb_refund_status_id in G:\www\opencart\version_23\admin\view\template\extension\payment\commweb.tpl on line 104
2017-05-04 10:58:38 - PHP Notice:  Undefined variable: commweb_refund_status_id in G:\www\opencart\version_23\admin\view\template\extension\payment\commweb.tpl on line 104
2017-05-04 10:58:38 - PHP Notice:  Undefined variable: commweb_refund_status_id in G:\www\opencart\version_23\admin\view\template\extension\payment\commweb.tpl on line 104
2017-05-04 10:58:38 - PHP Notice:  Undefined variable: commweb_refund_status_id in G:\www\opencart\version_23\admin\view\template\extension\payment\commweb.tpl on line 104
2017-05-04 10:58:38 - PHP Notice:  Undefined variable: commweb_refund_status_id in G:\www\opencart\version_23\admin\view\template\extension\payment\commweb.tpl on line 104
2017-05-04 10:58:38 - PHP Notice:  Undefined variable: commweb_refund_status_id in G:\www\opencart\version_23\admin\view\template\extension\payment\commweb.tpl on line 104
2017-05-04 10:58:38 - PHP Notice:  Undefined variable: commweb_refund_status_id in G:\www\opencart\version_23\admin\view\template\extension\payment\commweb.tpl on line 104
2017-05-04 10:58:38 - PHP Notice:  Undefined variable: commweb_refund_status_id in G:\www\opencart\version_23\admin\view\template\extension\payment\commweb.tpl on line 104
2017-05-04 10:58:38 - PHP Notice:  Undefined variable: commweb_refund_status_id in G:\www\opencart\version_23\admin\view\template\extension\payment\commweb.tpl on line 104
2017-05-04 10:58:38 - PHP Notice:  Undefined variable: commweb_refund_status_id in G:\www\opencart\version_23\admin\view\template\extension\payment\commweb.tpl on line 104
2017-05-04 10:58:50 - PHP Notice:  Undefined index: commweb_transaction_password in G:\www\opencart\version_23\admin\controller\extension\payment\commweb.php on line 203
2017-05-04 10:58:50 - PHP Notice:  Undefined variable: commweb_checkout_method in G:\www\opencart\version_23\admin\view\template\extension\payment\commweb.tpl on line 59
2017-05-04 10:58:50 - PHP Notice:  Undefined variable: commweb_order_status_id in G:\www\opencart\version_23\admin\view\template\extension\payment\commweb.tpl on line 89
2017-05-04 10:58:50 - PHP Notice:  Undefined variable: commweb_order_status_id in G:\www\opencart\version_23\admin\view\template\extension\payment\commweb.tpl on line 89
2017-05-04 10:58:50 - PHP Notice:  Undefined variable: commweb_order_status_id in G:\www\opencart\version_23\admin\view\template\extension\payment\commweb.tpl on line 89
2017-05-04 10:58:50 - PHP Notice:  Undefined variable: commweb_order_status_id in G:\www\opencart\version_23\admin\view\template\extension\payment\commweb.tpl on line 89
2017-05-04 10:58:50 - PHP Notice:  Undefined variable: commweb_order_status_id in G:\www\opencart\version_23\admin\view\template\extension\payment\commweb.tpl on line 89
2017-05-04 10:58:50 - PHP Notice:  Undefined variable: commweb_order_status_id in G:\www\opencart\version_23\admin\view\template\extension\payment\commweb.tpl on line 89
2017-05-04 10:58:50 - PHP Notice:  Undefined variable: commweb_order_status_id in G:\www\opencart\version_23\admin\view\template\extension\payment\commweb.tpl on line 89
2017-05-04 10:58:50 - PHP Notice:  Undefined variable: commweb_order_status_id in G:\www\opencart\version_23\admin\view\template\extension\payment\commweb.tpl on line 89
2017-05-04 10:58:50 - PHP Notice:  Undefined variable: commweb_order_status_id in G:\www\opencart\version_23\admin\view\template\extension\payment\commweb.tpl on line 89
2017-05-04 10:58:50 - PHP Notice:  Undefined variable: commweb_order_status_id in G:\www\opencart\version_23\admin\view\template\extension\payment\commweb.tpl on line 89
2017-05-04 10:58:50 - PHP Notice:  Undefined variable: commweb_order_status_id in G:\www\opencart\version_23\admin\view\template\extension\payment\commweb.tpl on line 89
2017-05-04 10:58:50 - PHP Notice:  Undefined variable: commweb_order_status_id in G:\www\opencart\version_23\admin\view\template\extension\payment\commweb.tpl on line 89
2017-05-04 10:58:50 - PHP Notice:  Undefined variable: commweb_order_status_id in G:\www\opencart\version_23\admin\view\template\extension\payment\commweb.tpl on line 89
2017-05-04 10:58:50 - PHP Notice:  Undefined variable: commweb_order_status_id in G:\www\opencart\version_23\admin\view\template\extension\payment\commweb.tpl on line 89
2017-05-04 10:58:50 - PHP Notice:  Undefined variable: commweb_refund_status_id in G:\www\opencart\version_23\admin\view\template\extension\payment\commweb.tpl on line 104
2017-05-04 10:58:50 - PHP Notice:  Undefined variable: commweb_refund_status_id in G:\www\opencart\version_23\admin\view\template\extension\payment\commweb.tpl on line 104
2017-05-04 10:58:50 - PHP Notice:  Undefined variable: commweb_refund_status_id in G:\www\opencart\version_23\admin\view\template\extension\payment\commweb.tpl on line 104
2017-05-04 10:58:50 - PHP Notice:  Undefined variable: commweb_refund_status_id in G:\www\opencart\version_23\admin\view\template\extension\payment\commweb.tpl on line 104
2017-05-04 10:58:50 - PHP Notice:  Undefined variable: commweb_refund_status_id in G:\www\opencart\version_23\admin\view\template\extension\payment\commweb.tpl on line 104
2017-05-04 10:58:50 - PHP Notice:  Undefined variable: commweb_refund_status_id in G:\www\opencart\version_23\admin\view\template\extension\payment\commweb.tpl on line 104
2017-05-04 10:58:50 - PHP Notice:  Undefined variable: commweb_refund_status_id in G:\www\opencart\version_23\admin\view\template\extension\payment\commweb.tpl on line 104
2017-05-04 10:58:50 - PHP Notice:  Undefined variable: commweb_refund_status_id in G:\www\opencart\version_23\admin\view\template\extension\payment\commweb.tpl on line 104
2017-05-04 10:58:50 - PHP Notice:  Undefined variable: commweb_refund_status_id in G:\www\opencart\version_23\admin\view\template\extension\payment\commweb.tpl on line 104
2017-05-04 10:58:50 - PHP Notice:  Undefined variable: commweb_refund_status_id in G:\www\opencart\version_23\admin\view\template\extension\payment\commweb.tpl on line 104
2017-05-04 10:58:50 - PHP Notice:  Undefined variable: commweb_refund_status_id in G:\www\opencart\version_23\admin\view\template\extension\payment\commweb.tpl on line 104
2017-05-04 10:58:50 - PHP Notice:  Undefined variable: commweb_refund_status_id in G:\www\opencart\version_23\admin\view\template\extension\payment\commweb.tpl on line 104
2017-05-04 10:58:50 - PHP Notice:  Undefined variable: commweb_refund_status_id in G:\www\opencart\version_23\admin\view\template\extension\payment\commweb.tpl on line 104
2017-05-04 10:58:50 - PHP Notice:  Undefined variable: commweb_refund_status_id in G:\www\opencart\version_23\admin\view\template\extension\payment\commweb.tpl on line 104
2017-05-04 10:59:25 - PHP Notice:  Undefined variable: commweb_checkout_method in G:\www\opencart\version_23\admin\view\template\extension\payment\commweb.tpl on line 59
2017-05-04 10:59:25 - PHP Notice:  Undefined variable: commweb_order_status_id in G:\www\opencart\version_23\admin\view\template\extension\payment\commweb.tpl on line 89
2017-05-04 10:59:25 - PHP Notice:  Undefined variable: commweb_order_status_id in G:\www\opencart\version_23\admin\view\template\extension\payment\commweb.tpl on line 89
2017-05-04 10:59:25 - PHP Notice:  Undefined variable: commweb_order_status_id in G:\www\opencart\version_23\admin\view\template\extension\payment\commweb.tpl on line 89
2017-05-04 10:59:25 - PHP Notice:  Undefined variable: commweb_order_status_id in G:\www\opencart\version_23\admin\view\template\extension\payment\commweb.tpl on line 89
2017-05-04 10:59:25 - PHP Notice:  Undefined variable: commweb_order_status_id in G:\www\opencart\version_23\admin\view\template\extension\payment\commweb.tpl on line 89
2017-05-04 10:59:25 - PHP Notice:  Undefined variable: commweb_order_status_id in G:\www\opencart\version_23\admin\view\template\extension\payment\commweb.tpl on line 89
2017-05-04 10:59:25 - PHP Notice:  Undefined variable: commweb_order_status_id in G:\www\opencart\version_23\admin\view\template\extension\payment\commweb.tpl on line 89
2017-05-04 10:59:25 - PHP Notice:  Undefined variable: commweb_order_status_id in G:\www\opencart\version_23\admin\view\template\extension\payment\commweb.tpl on line 89
2017-05-04 10:59:25 - PHP Notice:  Undefined variable: commweb_order_status_id in G:\www\opencart\version_23\admin\view\template\extension\payment\commweb.tpl on line 89
2017-05-04 10:59:25 - PHP Notice:  Undefined variable: commweb_order_status_id in G:\www\opencart\version_23\admin\view\template\extension\payment\commweb.tpl on line 89
2017-05-04 10:59:25 - PHP Notice:  Undefined variable: commweb_order_status_id in G:\www\opencart\version_23\admin\view\template\extension\payment\commweb.tpl on line 89
2017-05-04 10:59:25 - PHP Notice:  Undefined variable: commweb_order_status_id in G:\www\opencart\version_23\admin\view\template\extension\payment\commweb.tpl on line 89
2017-05-04 10:59:25 - PHP Notice:  Undefined variable: commweb_order_status_id in G:\www\opencart\version_23\admin\view\template\extension\payment\commweb.tpl on line 89
2017-05-04 10:59:25 - PHP Notice:  Undefined variable: commweb_order_status_id in G:\www\opencart\version_23\admin\view\template\extension\payment\commweb.tpl on line 89
2017-05-04 10:59:25 - PHP Notice:  Undefined variable: commweb_refund_status_id in G:\www\opencart\version_23\admin\view\template\extension\payment\commweb.tpl on line 104
2017-05-04 10:59:25 - PHP Notice:  Undefined variable: commweb_refund_status_id in G:\www\opencart\version_23\admin\view\template\extension\payment\commweb.tpl on line 104
2017-05-04 10:59:25 - PHP Notice:  Undefined variable: commweb_refund_status_id in G:\www\opencart\version_23\admin\view\template\extension\payment\commweb.tpl on line 104
2017-05-04 10:59:25 - PHP Notice:  Undefined variable: commweb_refund_status_id in G:\www\opencart\version_23\admin\view\template\extension\payment\commweb.tpl on line 104
2017-05-04 10:59:25 - PHP Notice:  Undefined variable: commweb_refund_status_id in G:\www\opencart\version_23\admin\view\template\extension\payment\commweb.tpl on line 104
2017-05-04 10:59:25 - PHP Notice:  Undefined variable: commweb_refund_status_id in G:\www\opencart\version_23\admin\view\template\extension\payment\commweb.tpl on line 104
2017-05-04 10:59:25 - PHP Notice:  Undefined variable: commweb_refund_status_id in G:\www\opencart\version_23\admin\view\template\extension\payment\commweb.tpl on line 104
2017-05-04 10:59:25 - PHP Notice:  Undefined variable: commweb_refund_status_id in G:\www\opencart\version_23\admin\view\template\extension\payment\commweb.tpl on line 104
2017-05-04 10:59:25 - PHP Notice:  Undefined variable: commweb_refund_status_id in G:\www\opencart\version_23\admin\view\template\extension\payment\commweb.tpl on line 104
2017-05-04 10:59:25 - PHP Notice:  Undefined variable: commweb_refund_status_id in G:\www\opencart\version_23\admin\view\template\extension\payment\commweb.tpl on line 104
2017-05-04 10:59:25 - PHP Notice:  Undefined variable: commweb_refund_status_id in G:\www\opencart\version_23\admin\view\template\extension\payment\commweb.tpl on line 104
2017-05-04 10:59:25 - PHP Notice:  Undefined variable: commweb_refund_status_id in G:\www\opencart\version_23\admin\view\template\extension\payment\commweb.tpl on line 104
2017-05-04 10:59:25 - PHP Notice:  Undefined variable: commweb_refund_status_id in G:\www\opencart\version_23\admin\view\template\extension\payment\commweb.tpl on line 104
2017-05-04 10:59:25 - PHP Notice:  Undefined variable: commweb_refund_status_id in G:\www\opencart\version_23\admin\view\template\extension\payment\commweb.tpl on line 104
2017-05-04 10:59:41 - PHP Notice:  Undefined variable: commweb_checkout_method in G:\www\opencart\version_23\admin\view\template\extension\payment\commweb.tpl on line 59
2017-05-04 10:59:41 - PHP Notice:  Undefined variable: commweb_order_status_id in G:\www\opencart\version_23\admin\view\template\extension\payment\commweb.tpl on line 89
2017-05-04 10:59:41 - PHP Notice:  Undefined variable: commweb_order_status_id in G:\www\opencart\version_23\admin\view\template\extension\payment\commweb.tpl on line 89
2017-05-04 10:59:41 - PHP Notice:  Undefined variable: commweb_order_status_id in G:\www\opencart\version_23\admin\view\template\extension\payment\commweb.tpl on line 89
2017-05-04 10:59:41 - PHP Notice:  Undefined variable: commweb_order_status_id in G:\www\opencart\version_23\admin\view\template\extension\payment\commweb.tpl on line 89
2017-05-04 10:59:41 - PHP Notice:  Undefined variable: commweb_order_status_id in G:\www\opencart\version_23\admin\view\template\extension\payment\commweb.tpl on line 89
2017-05-04 10:59:41 - PHP Notice:  Undefined variable: commweb_order_status_id in G:\www\opencart\version_23\admin\view\template\extension\payment\commweb.tpl on line 89
2017-05-04 10:59:41 - PHP Notice:  Undefined variable: commweb_order_status_id in G:\www\opencart\version_23\admin\view\template\extension\payment\commweb.tpl on line 89
2017-05-04 10:59:41 - PHP Notice:  Undefined variable: commweb_order_status_id in G:\www\opencart\version_23\admin\view\template\extension\payment\commweb.tpl on line 89
2017-05-04 10:59:41 - PHP Notice:  Undefined variable: commweb_order_status_id in G:\www\opencart\version_23\admin\view\template\extension\payment\commweb.tpl on line 89
2017-05-04 10:59:41 - PHP Notice:  Undefined variable: commweb_order_status_id in G:\www\opencart\version_23\admin\view\template\extension\payment\commweb.tpl on line 89
2017-05-04 10:59:41 - PHP Notice:  Undefined variable: commweb_order_status_id in G:\www\opencart\version_23\admin\view\template\extension\payment\commweb.tpl on line 89
2017-05-04 10:59:41 - PHP Notice:  Undefined variable: commweb_order_status_id in G:\www\opencart\version_23\admin\view\template\extension\payment\commweb.tpl on line 89
2017-05-04 10:59:41 - PHP Notice:  Undefined variable: commweb_order_status_id in G:\www\opencart\version_23\admin\view\template\extension\payment\commweb.tpl on line 89
2017-05-04 10:59:41 - PHP Notice:  Undefined variable: commweb_order_status_id in G:\www\opencart\version_23\admin\view\template\extension\payment\commweb.tpl on line 89
2017-05-04 10:59:41 - PHP Notice:  Undefined variable: commweb_refund_status_id in G:\www\opencart\version_23\admin\view\template\extension\payment\commweb.tpl on line 104
2017-05-04 10:59:41 - PHP Notice:  Undefined variable: commweb_refund_status_id in G:\www\opencart\version_23\admin\view\template\extension\payment\commweb.tpl on line 104
2017-05-04 10:59:41 - PHP Notice:  Undefined variable: commweb_refund_status_id in G:\www\opencart\version_23\admin\view\template\extension\payment\commweb.tpl on line 104
2017-05-04 10:59:41 - PHP Notice:  Undefined variable: commweb_refund_status_id in G:\www\opencart\version_23\admin\view\template\extension\payment\commweb.tpl on line 104
2017-05-04 10:59:41 - PHP Notice:  Undefined variable: commweb_refund_status_id in G:\www\opencart\version_23\admin\view\template\extension\payment\commweb.tpl on line 104
2017-05-04 10:59:41 - PHP Notice:  Undefined variable: commweb_refund_status_id in G:\www\opencart\version_23\admin\view\template\extension\payment\commweb.tpl on line 104
2017-05-04 10:59:41 - PHP Notice:  Undefined variable: commweb_refund_status_id in G:\www\opencart\version_23\admin\view\template\extension\payment\commweb.tpl on line 104
2017-05-04 10:59:41 - PHP Notice:  Undefined variable: commweb_refund_status_id in G:\www\opencart\version_23\admin\view\template\extension\payment\commweb.tpl on line 104
2017-05-04 10:59:41 - PHP Notice:  Undefined variable: commweb_refund_status_id in G:\www\opencart\version_23\admin\view\template\extension\payment\commweb.tpl on line 104
2017-05-04 10:59:41 - PHP Notice:  Undefined variable: commweb_refund_status_id in G:\www\opencart\version_23\admin\view\template\extension\payment\commweb.tpl on line 104
2017-05-04 10:59:41 - PHP Notice:  Undefined variable: commweb_refund_status_id in G:\www\opencart\version_23\admin\view\template\extension\payment\commweb.tpl on line 104
2017-05-04 10:59:41 - PHP Notice:  Undefined variable: commweb_refund_status_id in G:\www\opencart\version_23\admin\view\template\extension\payment\commweb.tpl on line 104
2017-05-04 10:59:41 - PHP Notice:  Undefined variable: commweb_refund_status_id in G:\www\opencart\version_23\admin\view\template\extension\payment\commweb.tpl on line 104
2017-05-04 10:59:41 - PHP Notice:  Undefined variable: commweb_refund_status_id in G:\www\opencart\version_23\admin\view\template\extension\payment\commweb.tpl on line 104
2017-05-04 11:00:33 - PHP Notice:  Undefined variable: commweb_order_status_id in G:\www\opencart\version_23\admin\view\template\extension\payment\commweb.tpl on line 89
2017-05-04 11:00:33 - PHP Notice:  Undefined variable: commweb_order_status_id in G:\www\opencart\version_23\admin\view\template\extension\payment\commweb.tpl on line 89
2017-05-04 11:00:33 - PHP Notice:  Undefined variable: commweb_order_status_id in G:\www\opencart\version_23\admin\view\template\extension\payment\commweb.tpl on line 89
2017-05-04 11:00:33 - PHP Notice:  Undefined variable: commweb_order_status_id in G:\www\opencart\version_23\admin\view\template\extension\payment\commweb.tpl on line 89
2017-05-04 11:00:33 - PHP Notice:  Undefined variable: commweb_order_status_id in G:\www\opencart\version_23\admin\view\template\extension\payment\commweb.tpl on line 89
2017-05-04 11:00:33 - PHP Notice:  Undefined variable: commweb_order_status_id in G:\www\opencart\version_23\admin\view\template\extension\payment\commweb.tpl on line 89
2017-05-04 11:00:33 - PHP Notice:  Undefined variable: commweb_order_status_id in G:\www\opencart\version_23\admin\view\template\extension\payment\commweb.tpl on line 89
2017-05-04 11:00:33 - PHP Notice:  Undefined variable: commweb_order_status_id in G:\www\opencart\version_23\admin\view\template\extension\payment\commweb.tpl on line 89
2017-05-04 11:00:33 - PHP Notice:  Undefined variable: commweb_order_status_id in G:\www\opencart\version_23\admin\view\template\extension\payment\commweb.tpl on line 89
2017-05-04 11:00:33 - PHP Notice:  Undefined variable: commweb_order_status_id in G:\www\opencart\version_23\admin\view\template\extension\payment\commweb.tpl on line 89
2017-05-04 11:00:33 - PHP Notice:  Undefined variable: commweb_order_status_id in G:\www\opencart\version_23\admin\view\template\extension\payment\commweb.tpl on line 89
2017-05-04 11:00:33 - PHP Notice:  Undefined variable: commweb_order_status_id in G:\www\opencart\version_23\admin\view\template\extension\payment\commweb.tpl on line 89
2017-05-04 11:00:33 - PHP Notice:  Undefined variable: commweb_order_status_id in G:\www\opencart\version_23\admin\view\template\extension\payment\commweb.tpl on line 89
2017-05-04 11:00:33 - PHP Notice:  Undefined variable: commweb_order_status_id in G:\www\opencart\version_23\admin\view\template\extension\payment\commweb.tpl on line 89
2017-05-04 11:00:33 - PHP Notice:  Undefined variable: commweb_refund_status_id in G:\www\opencart\version_23\admin\view\template\extension\payment\commweb.tpl on line 104
2017-05-04 11:00:33 - PHP Notice:  Undefined variable: commweb_refund_status_id in G:\www\opencart\version_23\admin\view\template\extension\payment\commweb.tpl on line 104
2017-05-04 11:00:33 - PHP Notice:  Undefined variable: commweb_refund_status_id in G:\www\opencart\version_23\admin\view\template\extension\payment\commweb.tpl on line 104
2017-05-04 11:00:33 - PHP Notice:  Undefined variable: commweb_refund_status_id in G:\www\opencart\version_23\admin\view\template\extension\payment\commweb.tpl on line 104
2017-05-04 11:00:33 - PHP Notice:  Undefined variable: commweb_refund_status_id in G:\www\opencart\version_23\admin\view\template\extension\payment\commweb.tpl on line 104
2017-05-04 11:00:33 - PHP Notice:  Undefined variable: commweb_refund_status_id in G:\www\opencart\version_23\admin\view\template\extension\payment\commweb.tpl on line 104
2017-05-04 11:00:33 - PHP Notice:  Undefined variable: commweb_refund_status_id in G:\www\opencart\version_23\admin\view\template\extension\payment\commweb.tpl on line 104
2017-05-04 11:00:33 - PHP Notice:  Undefined variable: commweb_refund_status_id in G:\www\opencart\version_23\admin\view\template\extension\payment\commweb.tpl on line 104
2017-05-04 11:00:33 - PHP Notice:  Undefined variable: commweb_refund_status_id in G:\www\opencart\version_23\admin\view\template\extension\payment\commweb.tpl on line 104
2017-05-04 11:00:33 - PHP Notice:  Undefined variable: commweb_refund_status_id in G:\www\opencart\version_23\admin\view\template\extension\payment\commweb.tpl on line 104
2017-05-04 11:00:33 - PHP Notice:  Undefined variable: commweb_refund_status_id in G:\www\opencart\version_23\admin\view\template\extension\payment\commweb.tpl on line 104
2017-05-04 11:00:33 - PHP Notice:  Undefined variable: commweb_refund_status_id in G:\www\opencart\version_23\admin\view\template\extension\payment\commweb.tpl on line 104
2017-05-04 11:00:33 - PHP Notice:  Undefined variable: commweb_refund_status_id in G:\www\opencart\version_23\admin\view\template\extension\payment\commweb.tpl on line 104
2017-05-04 11:00:33 - PHP Notice:  Undefined variable: commweb_refund_status_id in G:\www\opencart\version_23\admin\view\template\extension\payment\commweb.tpl on line 104
2017-05-04 11:00:44 - PHP Notice:  Undefined variable: commweb_order_status_id in G:\www\opencart\version_23\admin\view\template\extension\payment\commweb.tpl on line 89
2017-05-04 11:00:44 - PHP Notice:  Undefined variable: commweb_order_status_id in G:\www\opencart\version_23\admin\view\template\extension\payment\commweb.tpl on line 89
2017-05-04 11:00:44 - PHP Notice:  Undefined variable: commweb_order_status_id in G:\www\opencart\version_23\admin\view\template\extension\payment\commweb.tpl on line 89
2017-05-04 11:00:44 - PHP Notice:  Undefined variable: commweb_order_status_id in G:\www\opencart\version_23\admin\view\template\extension\payment\commweb.tpl on line 89
2017-05-04 11:00:44 - PHP Notice:  Undefined variable: commweb_order_status_id in G:\www\opencart\version_23\admin\view\template\extension\payment\commweb.tpl on line 89
2017-05-04 11:00:44 - PHP Notice:  Undefined variable: commweb_order_status_id in G:\www\opencart\version_23\admin\view\template\extension\payment\commweb.tpl on line 89
2017-05-04 11:00:44 - PHP Notice:  Undefined variable: commweb_order_status_id in G:\www\opencart\version_23\admin\view\template\extension\payment\commweb.tpl on line 89
2017-05-04 11:00:44 - PHP Notice:  Undefined variable: commweb_order_status_id in G:\www\opencart\version_23\admin\view\template\extension\payment\commweb.tpl on line 89
2017-05-04 11:00:44 - PHP Notice:  Undefined variable: commweb_order_status_id in G:\www\opencart\version_23\admin\view\template\extension\payment\commweb.tpl on line 89
2017-05-04 11:00:44 - PHP Notice:  Undefined variable: commweb_order_status_id in G:\www\opencart\version_23\admin\view\template\extension\payment\commweb.tpl on line 89
2017-05-04 11:00:44 - PHP Notice:  Undefined variable: commweb_order_status_id in G:\www\opencart\version_23\admin\view\template\extension\payment\commweb.tpl on line 89
2017-05-04 11:00:44 - PHP Notice:  Undefined variable: commweb_order_status_id in G:\www\opencart\version_23\admin\view\template\extension\payment\commweb.tpl on line 89
2017-05-04 11:00:44 - PHP Notice:  Undefined variable: commweb_order_status_id in G:\www\opencart\version_23\admin\view\template\extension\payment\commweb.tpl on line 89
2017-05-04 11:00:44 - PHP Notice:  Undefined variable: commweb_order_status_id in G:\www\opencart\version_23\admin\view\template\extension\payment\commweb.tpl on line 89
2017-05-04 11:00:44 - PHP Notice:  Undefined variable: commweb_refund_status_id in G:\www\opencart\version_23\admin\view\template\extension\payment\commweb.tpl on line 104
2017-05-04 11:00:44 - PHP Notice:  Undefined variable: commweb_refund_status_id in G:\www\opencart\version_23\admin\view\template\extension\payment\commweb.tpl on line 104
2017-05-04 11:00:44 - PHP Notice:  Undefined variable: commweb_refund_status_id in G:\www\opencart\version_23\admin\view\template\extension\payment\commweb.tpl on line 104
2017-05-04 11:00:44 - PHP Notice:  Undefined variable: commweb_refund_status_id in G:\www\opencart\version_23\admin\view\template\extension\payment\commweb.tpl on line 104
2017-05-04 11:00:44 - PHP Notice:  Undefined variable: commweb_refund_status_id in G:\www\opencart\version_23\admin\view\template\extension\payment\commweb.tpl on line 104
2017-05-04 11:00:44 - PHP Notice:  Undefined variable: commweb_refund_status_id in G:\www\opencart\version_23\admin\view\template\extension\payment\commweb.tpl on line 104
2017-05-04 11:00:44 - PHP Notice:  Undefined variable: commweb_refund_status_id in G:\www\opencart\version_23\admin\view\template\extension\payment\commweb.tpl on line 104
2017-05-04 11:00:44 - PHP Notice:  Undefined variable: commweb_refund_status_id in G:\www\opencart\version_23\admin\view\template\extension\payment\commweb.tpl on line 104
2017-05-04 11:00:44 - PHP Notice:  Undefined variable: commweb_refund_status_id in G:\www\opencart\version_23\admin\view\template\extension\payment\commweb.tpl on line 104
2017-05-04 11:00:44 - PHP Notice:  Undefined variable: commweb_refund_status_id in G:\www\opencart\version_23\admin\view\template\extension\payment\commweb.tpl on line 104
2017-05-04 11:00:44 - PHP Notice:  Undefined variable: commweb_refund_status_id in G:\www\opencart\version_23\admin\view\template\extension\payment\commweb.tpl on line 104
2017-05-04 11:00:44 - PHP Notice:  Undefined variable: commweb_refund_status_id in G:\www\opencart\version_23\admin\view\template\extension\payment\commweb.tpl on line 104
2017-05-04 11:00:44 - PHP Notice:  Undefined variable: commweb_refund_status_id in G:\www\opencart\version_23\admin\view\template\extension\payment\commweb.tpl on line 104
2017-05-04 11:00:44 - PHP Notice:  Undefined variable: commweb_refund_status_id in G:\www\opencart\version_23\admin\view\template\extension\payment\commweb.tpl on line 104
2017-05-04 11:02:22 - PHP Notice:  Undefined variable: commweb_order_status_id in G:\www\opencart\version_23\admin\view\template\extension\payment\commweb.tpl on line 89
2017-05-04 11:02:22 - PHP Notice:  Undefined variable: commweb_order_status_id in G:\www\opencart\version_23\admin\view\template\extension\payment\commweb.tpl on line 89
2017-05-04 11:02:22 - PHP Notice:  Undefined variable: commweb_order_status_id in G:\www\opencart\version_23\admin\view\template\extension\payment\commweb.tpl on line 89
2017-05-04 11:02:22 - PHP Notice:  Undefined variable: commweb_order_status_id in G:\www\opencart\version_23\admin\view\template\extension\payment\commweb.tpl on line 89
2017-05-04 11:02:22 - PHP Notice:  Undefined variable: commweb_order_status_id in G:\www\opencart\version_23\admin\view\template\extension\payment\commweb.tpl on line 89
2017-05-04 11:02:22 - PHP Notice:  Undefined variable: commweb_order_status_id in G:\www\opencart\version_23\admin\view\template\extension\payment\commweb.tpl on line 89
2017-05-04 11:02:22 - PHP Notice:  Undefined variable: commweb_order_status_id in G:\www\opencart\version_23\admin\view\template\extension\payment\commweb.tpl on line 89
2017-05-04 11:02:22 - PHP Notice:  Undefined variable: commweb_order_status_id in G:\www\opencart\version_23\admin\view\template\extension\payment\commweb.tpl on line 89
2017-05-04 11:02:22 - PHP Notice:  Undefined variable: commweb_order_status_id in G:\www\opencart\version_23\admin\view\template\extension\payment\commweb.tpl on line 89
2017-05-04 11:02:22 - PHP Notice:  Undefined variable: commweb_order_status_id in G:\www\opencart\version_23\admin\view\template\extension\payment\commweb.tpl on line 89
2017-05-04 11:02:22 - PHP Notice:  Undefined variable: commweb_order_status_id in G:\www\opencart\version_23\admin\view\template\extension\payment\commweb.tpl on line 89
2017-05-04 11:02:22 - PHP Notice:  Undefined variable: commweb_order_status_id in G:\www\opencart\version_23\admin\view\template\extension\payment\commweb.tpl on line 89
2017-05-04 11:02:22 - PHP Notice:  Undefined variable: commweb_order_status_id in G:\www\opencart\version_23\admin\view\template\extension\payment\commweb.tpl on line 89
2017-05-04 11:02:22 - PHP Notice:  Undefined variable: commweb_order_status_id in G:\www\opencart\version_23\admin\view\template\extension\payment\commweb.tpl on line 89
2017-05-04 11:02:22 - PHP Notice:  Undefined variable: commweb_refund_status_id in G:\www\opencart\version_23\admin\view\template\extension\payment\commweb.tpl on line 104
2017-05-04 11:02:22 - PHP Notice:  Undefined variable: commweb_refund_status_id in G:\www\opencart\version_23\admin\view\template\extension\payment\commweb.tpl on line 104
2017-05-04 11:02:22 - PHP Notice:  Undefined variable: commweb_refund_status_id in G:\www\opencart\version_23\admin\view\template\extension\payment\commweb.tpl on line 104
2017-05-04 11:02:22 - PHP Notice:  Undefined variable: commweb_refund_status_id in G:\www\opencart\version_23\admin\view\template\extension\payment\commweb.tpl on line 104
2017-05-04 11:02:22 - PHP Notice:  Undefined variable: commweb_refund_status_id in G:\www\opencart\version_23\admin\view\template\extension\payment\commweb.tpl on line 104
2017-05-04 11:02:22 - PHP Notice:  Undefined variable: commweb_refund_status_id in G:\www\opencart\version_23\admin\view\template\extension\payment\commweb.tpl on line 104
2017-05-04 11:02:22 - PHP Notice:  Undefined variable: commweb_refund_status_id in G:\www\opencart\version_23\admin\view\template\extension\payment\commweb.tpl on line 104
2017-05-04 11:02:22 - PHP Notice:  Undefined variable: commweb_refund_status_id in G:\www\opencart\version_23\admin\view\template\extension\payment\commweb.tpl on line 104
2017-05-04 11:02:22 - PHP Notice:  Undefined variable: commweb_refund_status_id in G:\www\opencart\version_23\admin\view\template\extension\payment\commweb.tpl on line 104
2017-05-04 11:02:22 - PHP Notice:  Undefined variable: commweb_refund_status_id in G:\www\opencart\version_23\admin\view\template\extension\payment\commweb.tpl on line 104
2017-05-04 11:02:22 - PHP Notice:  Undefined variable: commweb_refund_status_id in G:\www\opencart\version_23\admin\view\template\extension\payment\commweb.tpl on line 104
2017-05-04 11:02:22 - PHP Notice:  Undefined variable: commweb_refund_status_id in G:\www\opencart\version_23\admin\view\template\extension\payment\commweb.tpl on line 104
2017-05-04 11:02:22 - PHP Notice:  Undefined variable: commweb_refund_status_id in G:\www\opencart\version_23\admin\view\template\extension\payment\commweb.tpl on line 104
2017-05-04 11:02:22 - PHP Notice:  Undefined variable: commweb_refund_status_id in G:\www\opencart\version_23\admin\view\template\extension\payment\commweb.tpl on line 104
2017-05-04 11:04:49 - PHP Notice:  Undefined variable: commweb_order_status_id in G:\www\opencart\version_23\admin\view\template\extension\payment\commweb.tpl on line 89
2017-05-04 11:04:49 - PHP Notice:  Undefined variable: commweb_order_status_id in G:\www\opencart\version_23\admin\view\template\extension\payment\commweb.tpl on line 89
2017-05-04 11:04:49 - PHP Notice:  Undefined variable: commweb_order_status_id in G:\www\opencart\version_23\admin\view\template\extension\payment\commweb.tpl on line 89
2017-05-04 11:04:49 - PHP Notice:  Undefined variable: commweb_order_status_id in G:\www\opencart\version_23\admin\view\template\extension\payment\commweb.tpl on line 89
2017-05-04 11:04:49 - PHP Notice:  Undefined variable: commweb_order_status_id in G:\www\opencart\version_23\admin\view\template\extension\payment\commweb.tpl on line 89
2017-05-04 11:04:49 - PHP Notice:  Undefined variable: commweb_order_status_id in G:\www\opencart\version_23\admin\view\template\extension\payment\commweb.tpl on line 89
2017-05-04 11:04:49 - PHP Notice:  Undefined variable: commweb_order_status_id in G:\www\opencart\version_23\admin\view\template\extension\payment\commweb.tpl on line 89
2017-05-04 11:04:49 - PHP Notice:  Undefined variable: commweb_order_status_id in G:\www\opencart\version_23\admin\view\template\extension\payment\commweb.tpl on line 89
2017-05-04 11:04:49 - PHP Notice:  Undefined variable: commweb_order_status_id in G:\www\opencart\version_23\admin\view\template\extension\payment\commweb.tpl on line 89
2017-05-04 11:04:49 - PHP Notice:  Undefined variable: commweb_order_status_id in G:\www\opencart\version_23\admin\view\template\extension\payment\commweb.tpl on line 89
2017-05-04 11:04:49 - PHP Notice:  Undefined variable: commweb_order_status_id in G:\www\opencart\version_23\admin\view\template\extension\payment\commweb.tpl on line 89
2017-05-04 11:04:49 - PHP Notice:  Undefined variable: commweb_order_status_id in G:\www\opencart\version_23\admin\view\template\extension\payment\commweb.tpl on line 89
2017-05-04 11:04:49 - PHP Notice:  Undefined variable: commweb_order_status_id in G:\www\opencart\version_23\admin\view\template\extension\payment\commweb.tpl on line 89
2017-05-04 11:04:49 - PHP Notice:  Undefined variable: commweb_order_status_id in G:\www\opencart\version_23\admin\view\template\extension\payment\commweb.tpl on line 89
2017-05-04 11:04:49 - PHP Notice:  Undefined variable: commweb_refund_status_id in G:\www\opencart\version_23\admin\view\template\extension\payment\commweb.tpl on line 104
2017-05-04 11:04:49 - PHP Notice:  Undefined variable: commweb_refund_status_id in G:\www\opencart\version_23\admin\view\template\extension\payment\commweb.tpl on line 104
2017-05-04 11:04:49 - PHP Notice:  Undefined variable: commweb_refund_status_id in G:\www\opencart\version_23\admin\view\template\extension\payment\commweb.tpl on line 104
2017-05-04 11:04:49 - PHP Notice:  Undefined variable: commweb_refund_status_id in G:\www\opencart\version_23\admin\view\template\extension\payment\commweb.tpl on line 104
2017-05-04 11:04:49 - PHP Notice:  Undefined variable: commweb_refund_status_id in G:\www\opencart\version_23\admin\view\template\extension\payment\commweb.tpl on line 104
2017-05-04 11:04:49 - PHP Notice:  Undefined variable: commweb_refund_status_id in G:\www\opencart\version_23\admin\view\template\extension\payment\commweb.tpl on line 104
2017-05-04 11:04:49 - PHP Notice:  Undefined variable: commweb_refund_status_id in G:\www\opencart\version_23\admin\view\template\extension\payment\commweb.tpl on line 104
2017-05-04 11:04:49 - PHP Notice:  Undefined variable: commweb_refund_status_id in G:\www\opencart\version_23\admin\view\template\extension\payment\commweb.tpl on line 104
2017-05-04 11:04:49 - PHP Notice:  Undefined variable: commweb_refund_status_id in G:\www\opencart\version_23\admin\view\template\extension\payment\commweb.tpl on line 104
2017-05-04 11:04:49 - PHP Notice:  Undefined variable: commweb_refund_status_id in G:\www\opencart\version_23\admin\view\template\extension\payment\commweb.tpl on line 104
2017-05-04 11:04:49 - PHP Notice:  Undefined variable: commweb_refund_status_id in G:\www\opencart\version_23\admin\view\template\extension\payment\commweb.tpl on line 104
2017-05-04 11:04:49 - PHP Notice:  Undefined variable: commweb_refund_status_id in G:\www\opencart\version_23\admin\view\template\extension\payment\commweb.tpl on line 104
2017-05-04 11:04:49 - PHP Notice:  Undefined variable: commweb_refund_status_id in G:\www\opencart\version_23\admin\view\template\extension\payment\commweb.tpl on line 104
2017-05-04 11:04:49 - PHP Notice:  Undefined variable: commweb_refund_status_id in G:\www\opencart\version_23\admin\view\template\extension\payment\commweb.tpl on line 104
2017-05-04 11:05:33 - PHP Notice:  Undefined variable: commweb_order_status_id in G:\www\opencart\version_23\admin\view\template\extension\payment\commweb.tpl on line 89
2017-05-04 11:05:33 - PHP Notice:  Undefined variable: commweb_order_status_id in G:\www\opencart\version_23\admin\view\template\extension\payment\commweb.tpl on line 89
2017-05-04 11:05:33 - PHP Notice:  Undefined variable: commweb_order_status_id in G:\www\opencart\version_23\admin\view\template\extension\payment\commweb.tpl on line 89
2017-05-04 11:05:33 - PHP Notice:  Undefined variable: commweb_order_status_id in G:\www\opencart\version_23\admin\view\template\extension\payment\commweb.tpl on line 89
2017-05-04 11:05:33 - PHP Notice:  Undefined variable: commweb_order_status_id in G:\www\opencart\version_23\admin\view\template\extension\payment\commweb.tpl on line 89
2017-05-04 11:05:33 - PHP Notice:  Undefined variable: commweb_order_status_id in G:\www\opencart\version_23\admin\view\template\extension\payment\commweb.tpl on line 89
2017-05-04 11:05:33 - PHP Notice:  Undefined variable: commweb_order_status_id in G:\www\opencart\version_23\admin\view\template\extension\payment\commweb.tpl on line 89
2017-05-04 11:05:33 - PHP Notice:  Undefined variable: commweb_order_status_id in G:\www\opencart\version_23\admin\view\template\extension\payment\commweb.tpl on line 89
2017-05-04 11:05:33 - PHP Notice:  Undefined variable: commweb_order_status_id in G:\www\opencart\version_23\admin\view\template\extension\payment\commweb.tpl on line 89
2017-05-04 11:05:33 - PHP Notice:  Undefined variable: commweb_order_status_id in G:\www\opencart\version_23\admin\view\template\extension\payment\commweb.tpl on line 89
2017-05-04 11:05:33 - PHP Notice:  Undefined variable: commweb_order_status_id in G:\www\opencart\version_23\admin\view\template\extension\payment\commweb.tpl on line 89
2017-05-04 11:05:33 - PHP Notice:  Undefined variable: commweb_order_status_id in G:\www\opencart\version_23\admin\view\template\extension\payment\commweb.tpl on line 89
2017-05-04 11:05:33 - PHP Notice:  Undefined variable: commweb_order_status_id in G:\www\opencart\version_23\admin\view\template\extension\payment\commweb.tpl on line 89
2017-05-04 11:05:33 - PHP Notice:  Undefined variable: commweb_order_status_id in G:\www\opencart\version_23\admin\view\template\extension\payment\commweb.tpl on line 89
2017-05-04 11:05:33 - PHP Notice:  Undefined variable: commweb_refund_status_id in G:\www\opencart\version_23\admin\view\template\extension\payment\commweb.tpl on line 104
2017-05-04 11:05:33 - PHP Notice:  Undefined variable: commweb_refund_status_id in G:\www\opencart\version_23\admin\view\template\extension\payment\commweb.tpl on line 104
2017-05-04 11:05:33 - PHP Notice:  Undefined variable: commweb_refund_status_id in G:\www\opencart\version_23\admin\view\template\extension\payment\commweb.tpl on line 104
2017-05-04 11:05:33 - PHP Notice:  Undefined variable: commweb_refund_status_id in G:\www\opencart\version_23\admin\view\template\extension\payment\commweb.tpl on line 104
2017-05-04 11:05:33 - PHP Notice:  Undefined variable: commweb_refund_status_id in G:\www\opencart\version_23\admin\view\template\extension\payment\commweb.tpl on line 104
2017-05-04 11:05:33 - PHP Notice:  Undefined variable: commweb_refund_status_id in G:\www\opencart\version_23\admin\view\template\extension\payment\commweb.tpl on line 104
2017-05-04 11:05:33 - PHP Notice:  Undefined variable: commweb_refund_status_id in G:\www\opencart\version_23\admin\view\template\extension\payment\commweb.tpl on line 104
2017-05-04 11:05:33 - PHP Notice:  Undefined variable: commweb_refund_status_id in G:\www\opencart\version_23\admin\view\template\extension\payment\commweb.tpl on line 104
2017-05-04 11:05:33 - PHP Notice:  Undefined variable: commweb_refund_status_id in G:\www\opencart\version_23\admin\view\template\extension\payment\commweb.tpl on line 104
2017-05-04 11:05:33 - PHP Notice:  Undefined variable: commweb_refund_status_id in G:\www\opencart\version_23\admin\view\template\extension\payment\commweb.tpl on line 104
2017-05-04 11:05:33 - PHP Notice:  Undefined variable: commweb_refund_status_id in G:\www\opencart\version_23\admin\view\template\extension\payment\commweb.tpl on line 104
2017-05-04 11:05:33 - PHP Notice:  Undefined variable: commweb_refund_status_id in G:\www\opencart\version_23\admin\view\template\extension\payment\commweb.tpl on line 104
2017-05-04 11:05:33 - PHP Notice:  Undefined variable: commweb_refund_status_id in G:\www\opencart\version_23\admin\view\template\extension\payment\commweb.tpl on line 104
2017-05-04 11:05:33 - PHP Notice:  Undefined variable: commweb_refund_status_id in G:\www\opencart\version_23\admin\view\template\extension\payment\commweb.tpl on line 104
2017-05-04 11:05:59 - PHP Notice:  Undefined variable: commweb_order_status_id in G:\www\opencart\version_23\admin\view\template\extension\payment\commweb.tpl on line 89
2017-05-04 11:05:59 - PHP Notice:  Undefined variable: commweb_order_status_id in G:\www\opencart\version_23\admin\view\template\extension\payment\commweb.tpl on line 89
2017-05-04 11:05:59 - PHP Notice:  Undefined variable: commweb_order_status_id in G:\www\opencart\version_23\admin\view\template\extension\payment\commweb.tpl on line 89
2017-05-04 11:05:59 - PHP Notice:  Undefined variable: commweb_order_status_id in G:\www\opencart\version_23\admin\view\template\extension\payment\commweb.tpl on line 89
2017-05-04 11:05:59 - PHP Notice:  Undefined variable: commweb_order_status_id in G:\www\opencart\version_23\admin\view\template\extension\payment\commweb.tpl on line 89
2017-05-04 11:05:59 - PHP Notice:  Undefined variable: commweb_order_status_id in G:\www\opencart\version_23\admin\view\template\extension\payment\commweb.tpl on line 89
2017-05-04 11:05:59 - PHP Notice:  Undefined variable: commweb_order_status_id in G:\www\opencart\version_23\admin\view\template\extension\payment\commweb.tpl on line 89
2017-05-04 11:05:59 - PHP Notice:  Undefined variable: commweb_order_status_id in G:\www\opencart\version_23\admin\view\template\extension\payment\commweb.tpl on line 89
2017-05-04 11:05:59 - PHP Notice:  Undefined variable: commweb_order_status_id in G:\www\opencart\version_23\admin\view\template\extension\payment\commweb.tpl on line 89
2017-05-04 11:05:59 - PHP Notice:  Undefined variable: commweb_order_status_id in G:\www\opencart\version_23\admin\view\template\extension\payment\commweb.tpl on line 89
2017-05-04 11:05:59 - PHP Notice:  Undefined variable: commweb_order_status_id in G:\www\opencart\version_23\admin\view\template\extension\payment\commweb.tpl on line 89
2017-05-04 11:05:59 - PHP Notice:  Undefined variable: commweb_order_status_id in G:\www\opencart\version_23\admin\view\template\extension\payment\commweb.tpl on line 89
2017-05-04 11:05:59 - PHP Notice:  Undefined variable: commweb_order_status_id in G:\www\opencart\version_23\admin\view\template\extension\payment\commweb.tpl on line 89
2017-05-04 11:05:59 - PHP Notice:  Undefined variable: commweb_order_status_id in G:\www\opencart\version_23\admin\view\template\extension\payment\commweb.tpl on line 89
2017-05-04 11:05:59 - PHP Notice:  Undefined variable: commweb_refund_status_id in G:\www\opencart\version_23\admin\view\template\extension\payment\commweb.tpl on line 104
2017-05-04 11:05:59 - PHP Notice:  Undefined variable: commweb_refund_status_id in G:\www\opencart\version_23\admin\view\template\extension\payment\commweb.tpl on line 104
2017-05-04 11:05:59 - PHP Notice:  Undefined variable: commweb_refund_status_id in G:\www\opencart\version_23\admin\view\template\extension\payment\commweb.tpl on line 104
2017-05-04 11:05:59 - PHP Notice:  Undefined variable: commweb_refund_status_id in G:\www\opencart\version_23\admin\view\template\extension\payment\commweb.tpl on line 104
2017-05-04 11:05:59 - PHP Notice:  Undefined variable: commweb_refund_status_id in G:\www\opencart\version_23\admin\view\template\extension\payment\commweb.tpl on line 104
2017-05-04 11:05:59 - PHP Notice:  Undefined variable: commweb_refund_status_id in G:\www\opencart\version_23\admin\view\template\extension\payment\commweb.tpl on line 104
2017-05-04 11:05:59 - PHP Notice:  Undefined variable: commweb_refund_status_id in G:\www\opencart\version_23\admin\view\template\extension\payment\commweb.tpl on line 104
2017-05-04 11:05:59 - PHP Notice:  Undefined variable: commweb_refund_status_id in G:\www\opencart\version_23\admin\view\template\extension\payment\commweb.tpl on line 104
2017-05-04 11:05:59 - PHP Notice:  Undefined variable: commweb_refund_status_id in G:\www\opencart\version_23\admin\view\template\extension\payment\commweb.tpl on line 104
2017-05-04 11:05:59 - PHP Notice:  Undefined variable: commweb_refund_status_id in G:\www\opencart\version_23\admin\view\template\extension\payment\commweb.tpl on line 104
2017-05-04 11:05:59 - PHP Notice:  Undefined variable: commweb_refund_status_id in G:\www\opencart\version_23\admin\view\template\extension\payment\commweb.tpl on line 104
2017-05-04 11:05:59 - PHP Notice:  Undefined variable: commweb_refund_status_id in G:\www\opencart\version_23\admin\view\template\extension\payment\commweb.tpl on line 104
2017-05-04 11:05:59 - PHP Notice:  Undefined variable: commweb_refund_status_id in G:\www\opencart\version_23\admin\view\template\extension\payment\commweb.tpl on line 104
2017-05-04 11:05:59 - PHP Notice:  Undefined variable: commweb_refund_status_id in G:\www\opencart\version_23\admin\view\template\extension\payment\commweb.tpl on line 104
2017-05-04 11:08:09 - PHP Notice:  Undefined variable: commweb_order_status_id in G:\www\opencart\version_23\admin\view\template\extension\payment\commweb.tpl on line 89
2017-05-04 11:08:09 - PHP Notice:  Undefined variable: commweb_order_status_id in G:\www\opencart\version_23\admin\view\template\extension\payment\commweb.tpl on line 89
2017-05-04 11:08:09 - PHP Notice:  Undefined variable: commweb_order_status_id in G:\www\opencart\version_23\admin\view\template\extension\payment\commweb.tpl on line 89
2017-05-04 11:08:09 - PHP Notice:  Undefined variable: commweb_order_status_id in G:\www\opencart\version_23\admin\view\template\extension\payment\commweb.tpl on line 89
2017-05-04 11:08:09 - PHP Notice:  Undefined variable: commweb_order_status_id in G:\www\opencart\version_23\admin\view\template\extension\payment\commweb.tpl on line 89
2017-05-04 11:08:09 - PHP Notice:  Undefined variable: commweb_order_status_id in G:\www\opencart\version_23\admin\view\template\extension\payment\commweb.tpl on line 89
2017-05-04 11:08:09 - PHP Notice:  Undefined variable: commweb_order_status_id in G:\www\opencart\version_23\admin\view\template\extension\payment\commweb.tpl on line 89
2017-05-04 11:08:09 - PHP Notice:  Undefined variable: commweb_order_status_id in G:\www\opencart\version_23\admin\view\template\extension\payment\commweb.tpl on line 89
2017-05-04 11:08:09 - PHP Notice:  Undefined variable: commweb_order_status_id in G:\www\opencart\version_23\admin\view\template\extension\payment\commweb.tpl on line 89
2017-05-04 11:08:09 - PHP Notice:  Undefined variable: commweb_order_status_id in G:\www\opencart\version_23\admin\view\template\extension\payment\commweb.tpl on line 89
2017-05-04 11:08:09 - PHP Notice:  Undefined variable: commweb_order_status_id in G:\www\opencart\version_23\admin\view\template\extension\payment\commweb.tpl on line 89
2017-05-04 11:08:09 - PHP Notice:  Undefined variable: commweb_order_status_id in G:\www\opencart\version_23\admin\view\template\extension\payment\commweb.tpl on line 89
2017-05-04 11:08:09 - PHP Notice:  Undefined variable: commweb_order_status_id in G:\www\opencart\version_23\admin\view\template\extension\payment\commweb.tpl on line 89
2017-05-04 11:08:09 - PHP Notice:  Undefined variable: commweb_order_status_id in G:\www\opencart\version_23\admin\view\template\extension\payment\commweb.tpl on line 89
2017-05-04 11:08:09 - PHP Notice:  Undefined variable: commweb_refund_status_id in G:\www\opencart\version_23\admin\view\template\extension\payment\commweb.tpl on line 104
2017-05-04 11:08:09 - PHP Notice:  Undefined variable: commweb_refund_status_id in G:\www\opencart\version_23\admin\view\template\extension\payment\commweb.tpl on line 104
2017-05-04 11:08:09 - PHP Notice:  Undefined variable: commweb_refund_status_id in G:\www\opencart\version_23\admin\view\template\extension\payment\commweb.tpl on line 104
2017-05-04 11:08:09 - PHP Notice:  Undefined variable: commweb_refund_status_id in G:\www\opencart\version_23\admin\view\template\extension\payment\commweb.tpl on line 104
2017-05-04 11:08:09 - PHP Notice:  Undefined variable: commweb_refund_status_id in G:\www\opencart\version_23\admin\view\template\extension\payment\commweb.tpl on line 104
2017-05-04 11:08:09 - PHP Notice:  Undefined variable: commweb_refund_status_id in G:\www\opencart\version_23\admin\view\template\extension\payment\commweb.tpl on line 104
2017-05-04 11:08:09 - PHP Notice:  Undefined variable: commweb_refund_status_id in G:\www\opencart\version_23\admin\view\template\extension\payment\commweb.tpl on line 104
2017-05-04 11:08:09 - PHP Notice:  Undefined variable: commweb_refund_status_id in G:\www\opencart\version_23\admin\view\template\extension\payment\commweb.tpl on line 104
2017-05-04 11:08:09 - PHP Notice:  Undefined variable: commweb_refund_status_id in G:\www\opencart\version_23\admin\view\template\extension\payment\commweb.tpl on line 104
2017-05-04 11:08:09 - PHP Notice:  Undefined variable: commweb_refund_status_id in G:\www\opencart\version_23\admin\view\template\extension\payment\commweb.tpl on line 104
2017-05-04 11:08:09 - PHP Notice:  Undefined variable: commweb_refund_status_id in G:\www\opencart\version_23\admin\view\template\extension\payment\commweb.tpl on line 104
2017-05-04 11:08:09 - PHP Notice:  Undefined variable: commweb_refund_status_id in G:\www\opencart\version_23\admin\view\template\extension\payment\commweb.tpl on line 104
2017-05-04 11:08:09 - PHP Notice:  Undefined variable: commweb_refund_status_id in G:\www\opencart\version_23\admin\view\template\extension\payment\commweb.tpl on line 104
2017-05-04 11:08:09 - PHP Notice:  Undefined variable: commweb_refund_status_id in G:\www\opencart\version_23\admin\view\template\extension\payment\commweb.tpl on line 104
2017-05-04 11:08:31 - PHP Notice:  Undefined variable: commweb_order_status_id in G:\www\opencart\version_23\admin\view\template\extension\payment\commweb.tpl on line 89
2017-05-04 11:08:31 - PHP Notice:  Undefined variable: commweb_order_status_id in G:\www\opencart\version_23\admin\view\template\extension\payment\commweb.tpl on line 89
2017-05-04 11:08:31 - PHP Notice:  Undefined variable: commweb_order_status_id in G:\www\opencart\version_23\admin\view\template\extension\payment\commweb.tpl on line 89
2017-05-04 11:08:31 - PHP Notice:  Undefined variable: commweb_order_status_id in G:\www\opencart\version_23\admin\view\template\extension\payment\commweb.tpl on line 89
2017-05-04 11:08:31 - PHP Notice:  Undefined variable: commweb_order_status_id in G:\www\opencart\version_23\admin\view\template\extension\payment\commweb.tpl on line 89
2017-05-04 11:08:31 - PHP Notice:  Undefined variable: commweb_order_status_id in G:\www\opencart\version_23\admin\view\template\extension\payment\commweb.tpl on line 89
2017-05-04 11:08:31 - PHP Notice:  Undefined variable: commweb_order_status_id in G:\www\opencart\version_23\admin\view\template\extension\payment\commweb.tpl on line 89
2017-05-04 11:08:31 - PHP Notice:  Undefined variable: commweb_order_status_id in G:\www\opencart\version_23\admin\view\template\extension\payment\commweb.tpl on line 89
2017-05-04 11:08:31 - PHP Notice:  Undefined variable: commweb_order_status_id in G:\www\opencart\version_23\admin\view\template\extension\payment\commweb.tpl on line 89
2017-05-04 11:08:31 - PHP Notice:  Undefined variable: commweb_order_status_id in G:\www\opencart\version_23\admin\view\template\extension\payment\commweb.tpl on line 89
2017-05-04 11:08:31 - PHP Notice:  Undefined variable: commweb_order_status_id in G:\www\opencart\version_23\admin\view\template\extension\payment\commweb.tpl on line 89
2017-05-04 11:08:31 - PHP Notice:  Undefined variable: commweb_order_status_id in G:\www\opencart\version_23\admin\view\template\extension\payment\commweb.tpl on line 89
2017-05-04 11:08:31 - PHP Notice:  Undefined variable: commweb_order_status_id in G:\www\opencart\version_23\admin\view\template\extension\payment\commweb.tpl on line 89
2017-05-04 11:08:31 - PHP Notice:  Undefined variable: commweb_order_status_id in G:\www\opencart\version_23\admin\view\template\extension\payment\commweb.tpl on line 89
2017-05-04 11:08:31 - PHP Notice:  Undefined variable: commweb_refund_status_id in G:\www\opencart\version_23\admin\view\template\extension\payment\commweb.tpl on line 104
2017-05-04 11:08:31 - PHP Notice:  Undefined variable: commweb_refund_status_id in G:\www\opencart\version_23\admin\view\template\extension\payment\commweb.tpl on line 104
2017-05-04 11:08:31 - PHP Notice:  Undefined variable: commweb_refund_status_id in G:\www\opencart\version_23\admin\view\template\extension\payment\commweb.tpl on line 104
2017-05-04 11:08:31 - PHP Notice:  Undefined variable: commweb_refund_status_id in G:\www\opencart\version_23\admin\view\template\extension\payment\commweb.tpl on line 104
2017-05-04 11:08:31 - PHP Notice:  Undefined variable: commweb_refund_status_id in G:\www\opencart\version_23\admin\view\template\extension\payment\commweb.tpl on line 104
2017-05-04 11:08:31 - PHP Notice:  Undefined variable: commweb_refund_status_id in G:\www\opencart\version_23\admin\view\template\extension\payment\commweb.tpl on line 104
2017-05-04 11:08:31 - PHP Notice:  Undefined variable: commweb_refund_status_id in G:\www\opencart\version_23\admin\view\template\extension\payment\commweb.tpl on line 104
2017-05-04 11:08:31 - PHP Notice:  Undefined variable: commweb_refund_status_id in G:\www\opencart\version_23\admin\view\template\extension\payment\commweb.tpl on line 104
2017-05-04 11:08:31 - PHP Notice:  Undefined variable: commweb_refund_status_id in G:\www\opencart\version_23\admin\view\template\extension\payment\commweb.tpl on line 104
2017-05-04 11:08:31 - PHP Notice:  Undefined variable: commweb_refund_status_id in G:\www\opencart\version_23\admin\view\template\extension\payment\commweb.tpl on line 104
2017-05-04 11:08:31 - PHP Notice:  Undefined variable: commweb_refund_status_id in G:\www\opencart\version_23\admin\view\template\extension\payment\commweb.tpl on line 104
2017-05-04 11:08:31 - PHP Notice:  Undefined variable: commweb_refund_status_id in G:\www\opencart\version_23\admin\view\template\extension\payment\commweb.tpl on line 104
2017-05-04 11:08:31 - PHP Notice:  Undefined variable: commweb_refund_status_id in G:\www\opencart\version_23\admin\view\template\extension\payment\commweb.tpl on line 104
2017-05-04 11:08:31 - PHP Notice:  Undefined variable: commweb_refund_status_id in G:\www\opencart\version_23\admin\view\template\extension\payment\commweb.tpl on line 104
2017-05-04 11:27:19 - PHP Notice:  Undefined variable: iframe in G:\www\opencart\version_23\catalog\view\theme\default\template\extension\payment\commweb.tpl on line 15
2017-05-04 11:27:19 - PHP Notice:  Undefined variable: target in G:\www\opencart\version_23\catalog\view\theme\default\template\extension\payment\commweb.tpl on line 17
2017-05-04 11:58:30 - PHP Notice:  Undefined index: order_id in G:\www\opencart\version_23\catalog\controller\extension\payment\commweb.php on line 125
2017-05-04 11:58:55 - PHP Notice:  Undefined index: on in G:\www\opencart\version_23\catalog\controller\extension\payment\commweb.php on line 125
